{"/home/emersondev/cadastro-usuarios-microservices/config.js": {"path":"/home/emersondev/cadastro-usuarios-microservices/config.js","statementMap":{"0":{"start":{"line":1,"column":0},"end":{"line":1,"column":27}},"1":{"start":{"line":3,"column":0},"end":{"line":22,"column":2}}},"fnMap":{},"branchMap":{"0":{"loc":{"start":{"line":5,"column":10},"end":{"line":5,"column":34}},"type":"binary-expr","locations":[{"start":{"line":5,"column":10},"end":{"line":5,"column":26}},{"start":{"line":5,"column":30},"end":{"line":5,"column":34}}],"line":5},"1":{"loc":{"start":{"line":8,"column":10},"end":{"line":8,"column":44}},"type":"binary-expr","locations":[{"start":{"line":8,"column":10},"end":{"line":8,"column":29}},{"start":{"line":8,"column":33},"end":{"line":8,"column":44}}],"line":8},"2":{"loc":{"start":{"line":9,"column":10},"end":{"line":9,"column":37}},"type":"binary-expr","locations":[{"start":{"line":9,"column":10},"end":{"line":9,"column":29}},{"start":{"line":9,"column":33},"end":{"line":9,"column":37}}],"line":9},"3":{"loc":{"start":{"line":10,"column":10},"end":{"line":10,"column":44}},"type":"binary-expr","locations":[{"start":{"line":10,"column":10},"end":{"line":10,"column":29}},{"start":{"line":10,"column":33},"end":{"line":10,"column":44}}],"line":10},"4":{"loc":{"start":{"line":11,"column":14},"end":{"line":11,"column":54}},"type":"binary-expr","locations":[{"start":{"line":11,"column":14},"end":{"line":11,"column":37}},{"start":{"line":11,"column":41},"end":{"line":11,"column":54}}],"line":11},"5":{"loc":{"start":{"line":12,"column":14},"end":{"line":12,"column":48}},"type":"binary-expr","locations":[{"start":{"line":12,"column":14},"end":{"line":12,"column":33}},{"start":{"line":12,"column":37},"end":{"line":12,"column":48}}],"line":12},"6":{"loc":{"start":{"line":15,"column":10},"end":{"line":15,"column":49}},"type":"binary-expr","locations":[{"start":{"line":15,"column":10},"end":{"line":15,"column":32}},{"start":{"line":15,"column":36},"end":{"line":15,"column":49}}],"line":15},"7":{"loc":{"start":{"line":16,"column":10},"end":{"line":16,"column":40}},"type":"binary-expr","locations":[{"start":{"line":16,"column":10},"end":{"line":16,"column":32}},{"start":{"line":16,"column":36},"end":{"line":16,"column":40}}],"line":16},"8":{"loc":{"start":{"line":19,"column":12},"end":{"line":19,"column":168}},"type":"binary-expr","locations":[{"start":{"line":19,"column":12},"end":{"line":19,"column":34}},{"start":{"line":19,"column":38},"end":{"line":19,"column":168}}],"line":19},"9":{"loc":{"start":{"line":20,"column":15},"end":{"line":20,"column":49}},"type":"binary-expr","locations":[{"start":{"line":20,"column":15},"end":{"line":20,"column":41}},{"start":{"line":20,"column":45},"end":{"line":20,"column":49}}],"line":20}},"s":{"0":1,"1":1},"f":{},"b":{"0":[1,0],"1":[1,0],"2":[1,0],"3":[1,0],"4":[1,0],"5":[1,0],"6":[1,0],"7":[1,0],"8":[1,0],"9":[1,0]},"_coverageSchema":"1a1c01bbd47fc00a2c39e90264f33305004495a9","hash":"e56b27c41546e2e96e4eedce139965fe1bfcaabe"}
,"/home/emersondev/cadastro-usuarios-microservices/src/domain/usecases/CreateUsuarioUseCase.js": {"path":"/home/emersondev/cadastro-usuarios-microservices/src/domain/usecases/CreateUsuarioUseCase.js","statementMap":{"0":{"start":{"line":1,"column":26},"end":{"line":1,"column":87}},"1":{"start":{"line":2,"column":22},"end":{"line":2,"column":72}},"2":{"start":{"line":3,"column":15},"end":{"line":3,"column":32}},"3":{"start":{"line":7,"column":4},"end":{"line":7,"column":53}},"4":{"start":{"line":8,"column":4},"end":{"line":8,"column":45}},"5":{"start":{"line":13,"column":4},"end":{"line":15,"column":5}},"6":{"start":{"line":14,"column":6},"end":{"line":14,"column":52}},"7":{"start":{"line":18,"column":29},"end":{"line":18,"column":81}},"8":{"start":{"line":19,"column":4},"end":{"line":21,"column":5}},"9":{"start":{"line":20,"column":6},"end":{"line":20,"column":56}},"10":{"start":{"line":23,"column":23},"end":{"line":23,"column":25}},"11":{"start":{"line":24,"column":4},"end":{"line":24,"column":71}},"12":{"start":{"line":25,"column":4},"end":{"line":25,"column":26}},"13":{"start":{"line":27,"column":17},"end":{"line":27,"column":62}},"14":{"start":{"line":29,"column":4},"end":{"line":31,"column":5}},"15":{"start":{"line":30,"column":6},"end":{"line":30,"column":48}},"16":{"start":{"line":33,"column":4},"end":{"line":33,"column":49}},"17":{"start":{"line":35,"column":4},"end":{"line":35,"column":16}},"18":{"start":{"line":39,"column":0},"end":{"line":39,"column":38}}},"fnMap":{"0":{"name":"(anonymous_0)","decl":{"start":{"line":6,"column":2},"end":{"line":6,"column":3}},"loc":{"start":{"line":6,"column":16},"end":{"line":9,"column":3}},"line":6},"1":{"name":"(anonymous_1)","decl":{"start":{"line":12,"column":2},"end":{"line":12,"column":3}},"loc":{"start":{"line":12,"column":26},"end":{"line":36,"column":3}},"line":12}},"branchMap":{"0":{"loc":{"start":{"line":13,"column":4},"end":{"line":15,"column":5}},"type":"if","locations":[{"start":{"line":13,"column":4},"end":{"line":15,"column":5}},{"start":{},"end":{}}],"line":13},"1":{"loc":{"start":{"line":13,"column":8},"end":{"line":13,"column":55}},"type":"binary-expr","locations":[{"start":{"line":13,"column":8},"end":{"line":13,"column":17}},{"start":{"line":13,"column":21},"end":{"line":13,"column":55}}],"line":13},"2":{"loc":{"start":{"line":19,"column":4},"end":{"line":21,"column":5}},"type":"if","locations":[{"start":{"line":19,"column":4},"end":{"line":21,"column":5}},{"start":{},"end":{}}],"line":19},"3":{"loc":{"start":{"line":29,"column":4},"end":{"line":31,"column":5}},"type":"if","locations":[{"start":{"line":29,"column":4},"end":{"line":31,"column":5}},{"start":{},"end":{}}],"line":29}},"s":{"0":1,"1":1,"2":1,"3":4,"4":4,"5":4,"6":1,"7":3,"8":3,"9":1,"10":2,"11":2,"12":2,"13":2,"14":2,"15":1,"16":1,"17":1,"18":1},"f":{"0":4,"1":4},"b":{"0":[1,3],"1":[4,4],"2":[1,2],"3":[1,1]},"_coverageSchema":"1a1c01bbd47fc00a2c39e90264f33305004495a9","hash":"54cbabe53c2eef3682e8da7bdfd0a719940088d6"}
,"/home/emersondev/cadastro-usuarios-microservices/src/domain/usecases/DeleteUsuarioUseCase.js": {"path":"/home/emersondev/cadastro-usuarios-microservices/src/domain/usecases/DeleteUsuarioUseCase.js","statementMap":{"0":{"start":{"line":1,"column":22},"end":{"line":1,"column":73}},"1":{"start":{"line":5,"column":4},"end":{"line":5,"column":47}},"2":{"start":{"line":6,"column":4},"end":{"line":6,"column":45}},"3":{"start":{"line":10,"column":20},"end":{"line":10,"column":77}},"4":{"start":{"line":12,"column":4},"end":{"line":16,"column":5}},"5":{"start":{"line":14,"column":6},"end":{"line":14,"column":66}},"6":{"start":{"line":15,"column":6},"end":{"line":15,"column":54}},"7":{"start":{"line":18,"column":4},"end":{"line":18,"column":19}},"8":{"start":{"line":22,"column":0},"end":{"line":22,"column":38}}},"fnMap":{"0":{"name":"(anonymous_0)","decl":{"start":{"line":4,"column":2},"end":{"line":4,"column":3}},"loc":{"start":{"line":4,"column":33},"end":{"line":7,"column":3}},"line":4},"1":{"name":"(anonymous_1)","decl":{"start":{"line":9,"column":2},"end":{"line":9,"column":3}},"loc":{"start":{"line":9,"column":38},"end":{"line":19,"column":3}},"line":9}},"branchMap":{"0":{"loc":{"start":{"line":12,"column":4},"end":{"line":16,"column":5}},"type":"if","locations":[{"start":{"line":12,"column":4},"end":{"line":16,"column":5}},{"start":{},"end":{}}],"line":12}},"s":{"0":2,"1":3,"2":3,"3":3,"4":2,"5":1,"6":1,"7":2,"8":2},"f":{"0":3,"1":3},"b":{"0":[1,1]},"_coverageSchema":"1a1c01bbd47fc00a2c39e90264f33305004495a9","hash":"1d77b14bec7a3f133dffcf77d3580a88bd2e36f9"}
,"/home/emersondev/cadastro-usuarios-microservices/src/domain/usecases/GetAllUsuariosUseCase.js": {"path":"/home/emersondev/cadastro-usuarios-microservices/src/domain/usecases/GetAllUsuariosUseCase.js","statementMap":{"0":{"start":{"line":1,"column":22},"end":{"line":1,"column":73}},"1":{"start":{"line":5,"column":4},"end":{"line":7,"column":5}},"2":{"start":{"line":6,"column":6},"end":{"line":6,"column":57}},"3":{"start":{"line":8,"column":4},"end":{"line":8,"column":47}},"4":{"start":{"line":9,"column":4},"end":{"line":9,"column":39}},"5":{"start":{"line":13,"column":27},"end":{"line":13,"column":67}},"6":{"start":{"line":15,"column":4},"end":{"line":17,"column":5}},"7":{"start":{"line":16,"column":6},"end":{"line":16,"column":28}},"8":{"start":{"line":19,"column":21},"end":{"line":19,"column":59}},"9":{"start":{"line":20,"column":4},"end":{"line":20,"column":55}},"10":{"start":{"line":22,"column":4},"end":{"line":22,"column":20}},"11":{"start":{"line":26,"column":0},"end":{"line":26,"column":39}}},"fnMap":{"0":{"name":"(anonymous_0)","decl":{"start":{"line":4,"column":2},"end":{"line":4,"column":3}},"loc":{"start":{"line":4,"column":70},"end":{"line":10,"column":3}},"line":4},"1":{"name":"(anonymous_1)","decl":{"start":{"line":12,"column":2},"end":{"line":12,"column":3}},"loc":{"start":{"line":12,"column":18},"end":{"line":23,"column":3}},"line":12}},"branchMap":{"0":{"loc":{"start":{"line":4,"column":33},"end":{"line":4,"column":68}},"type":"default-arg","locations":[{"start":{"line":4,"column":49},"end":{"line":4,"column":68}}],"line":4},"1":{"loc":{"start":{"line":5,"column":4},"end":{"line":7,"column":5}},"type":"if","locations":[{"start":{"line":5,"column":4},"end":{"line":7,"column":5}},{"start":{},"end":{}}],"line":5},"2":{"loc":{"start":{"line":15,"column":4},"end":{"line":17,"column":5}},"type":"if","locations":[{"start":{"line":15,"column":4},"end":{"line":17,"column":5}},{"start":{},"end":{}}],"line":15}},"s":{"0":2,"1":3,"2":0,"3":3,"4":3,"5":3,"6":3,"7":1,"8":2,"9":2,"10":2,"11":2},"f":{"0":3,"1":3},"b":{"0":[0],"1":[0,3],"2":[1,2]},"_coverageSchema":"1a1c01bbd47fc00a2c39e90264f33305004495a9","hash":"c99ffff40724112edda5a5aa846a655d3a69eabf"}
,"/home/emersondev/cadastro-usuarios-microservices/src/domain/usecases/GetUsuarioUseCase.js": {"path":"/home/emersondev/cadastro-usuarios-microservices/src/domain/usecases/GetUsuarioUseCase.js","statementMap":{"0":{"start":{"line":1,"column":22},"end":{"line":1,"column":73}},"1":{"start":{"line":5,"column":4},"end":{"line":7,"column":5}},"2":{"start":{"line":6,"column":6},"end":{"line":6,"column":57}},"3":{"start":{"line":8,"column":4},"end":{"line":8,"column":47}},"4":{"start":{"line":9,"column":4},"end":{"line":9,"column":39}},"5":{"start":{"line":13,"column":18},"end":{"line":13,"column":70}},"6":{"start":{"line":15,"column":4},"end":{"line":22,"column":5}},"7":{"start":{"line":17,"column":6},"end":{"line":17,"column":65}},"8":{"start":{"line":19,"column":6},"end":{"line":21,"column":7}},"9":{"start":{"line":20,"column":8},"end":{"line":20,"column":70}},"10":{"start":{"line":24,"column":4},"end":{"line":24,"column":19}},"11":{"start":{"line":28,"column":0},"end":{"line":28,"column":35}}},"fnMap":{"0":{"name":"(anonymous_0)","decl":{"start":{"line":4,"column":2},"end":{"line":4,"column":3}},"loc":{"start":{"line":4,"column":70},"end":{"line":10,"column":3}},"line":4},"1":{"name":"(anonymous_1)","decl":{"start":{"line":12,"column":2},"end":{"line":12,"column":3}},"loc":{"start":{"line":12,"column":27},"end":{"line":25,"column":3}},"line":12}},"branchMap":{"0":{"loc":{"start":{"line":4,"column":33},"end":{"line":4,"column":68}},"type":"default-arg","locations":[{"start":{"line":4,"column":49},"end":{"line":4,"column":68}}],"line":4},"1":{"loc":{"start":{"line":5,"column":4},"end":{"line":7,"column":5}},"type":"if","locations":[{"start":{"line":5,"column":4},"end":{"line":7,"column":5}},{"start":{},"end":{}}],"line":5},"2":{"loc":{"start":{"line":15,"column":4},"end":{"line":22,"column":5}},"type":"if","locations":[{"start":{"line":15,"column":4},"end":{"line":22,"column":5}},{"start":{},"end":{}}],"line":15},"3":{"loc":{"start":{"line":19,"column":6},"end":{"line":21,"column":7}},"type":"if","locations":[{"start":{"line":19,"column":6},"end":{"line":21,"column":7}},{"start":{},"end":{}}],"line":19}},"s":{"0":2,"1":3,"2":0,"3":3,"4":3,"5":3,"6":3,"7":2,"8":2,"9":1,"10":3,"11":2},"f":{"0":3,"1":3},"b":{"0":[0],"1":[0,3],"2":[2,1],"3":[1,1]},"_coverageSchema":"1a1c01bbd47fc00a2c39e90264f33305004495a9","hash":"3d319edf4e419fb395f1e3847cccfa7c6a727d9f"}
,"/home/emersondev/cadastro-usuarios-microservices/src/domain/usecases/UpdateUsuarioUseCase.js": {"path":"/home/emersondev/cadastro-usuarios-microservices/src/domain/usecases/UpdateUsuarioUseCase.js","statementMap":{"0":{"start":{"line":1,"column":22},"end":{"line":1,"column":73}},"1":{"start":{"line":5,"column":4},"end":{"line":5,"column":47}},"2":{"start":{"line":6,"column":4},"end":{"line":6,"column":39}},"3":{"start":{"line":10,"column":20},"end":{"line":10,"column":78}},"4":{"start":{"line":12,"column":4},"end":{"line":16,"column":5}},"5":{"start":{"line":14,"column":6},"end":{"line":14,"column":68}},"6":{"start":{"line":15,"column":6},"end":{"line":15,"column":54}},"7":{"start":{"line":18,"column":4},"end":{"line":18,"column":19}},"8":{"start":{"line":22,"column":0},"end":{"line":22,"column":38}}},"fnMap":{"0":{"name":"(anonymous_0)","decl":{"start":{"line":4,"column":2},"end":{"line":4,"column":3}},"loc":{"start":{"line":4,"column":70},"end":{"line":7,"column":3}},"line":4},"1":{"name":"(anonymous_1)","decl":{"start":{"line":9,"column":2},"end":{"line":9,"column":3}},"loc":{"start":{"line":9,"column":39},"end":{"line":19,"column":3}},"line":9}},"branchMap":{"0":{"loc":{"start":{"line":4,"column":33},"end":{"line":4,"column":68}},"type":"default-arg","locations":[{"start":{"line":4,"column":49},"end":{"line":4,"column":68}}],"line":4},"1":{"loc":{"start":{"line":12,"column":4},"end":{"line":16,"column":5}},"type":"if","locations":[{"start":{"line":12,"column":4},"end":{"line":16,"column":5}},{"start":{},"end":{}}],"line":12}},"s":{"0":2,"1":2,"2":2,"3":2,"4":2,"5":1,"6":1,"7":2,"8":2},"f":{"0":2,"1":2},"b":{"0":[0],"1":[1,1]},"_coverageSchema":"1a1c01bbd47fc00a2c39e90264f33305004495a9","hash":"a4adcf507c6340de7386d40440358b386e9df9d5"}
,"/home/emersondev/cadastro-usuarios-microservices/src/infrastructure/cache/CacheProvider.js": {"path":"/home/emersondev/cadastro-usuarios-microservices/src/infrastructure/cache/CacheProvider.js","statementMap":{"0":{"start":{"line":1,"column":14},"end":{"line":1,"column":30}},"1":{"start":{"line":10,"column":4},"end":{"line":10,"column":25}},"2":{"start":{"line":13,"column":4},"end":{"line":15,"column":7}},"3":{"start":{"line":14,"column":6},"end":{"line":14,"column":55}},"4":{"start":{"line":17,"column":4},"end":{"line":19,"column":7}},"5":{"start":{"line":18,"column":6},"end":{"line":18,"column":55}},"6":{"start":{"line":23,"column":4},"end":{"line":25,"column":5}},"7":{"start":{"line":24,"column":6},"end":{"line":24,"column":34}},"8":{"start":{"line":29,"column":4},"end":{"line":36,"column":5}},"9":{"start":{"line":30,"column":6},"end":{"line":30,"column":35}},"10":{"start":{"line":31,"column":19},"end":{"line":31,"column":45}},"11":{"start":{"line":32,"column":6},"end":{"line":32,"column":44}},"12":{"start":{"line":34,"column":6},"end":{"line":34,"column":67}},"13":{"start":{"line":35,"column":6},"end":{"line":35,"column":18}},"14":{"start":{"line":40,"column":4},"end":{"line":47,"column":5}},"15":{"start":{"line":41,"column":6},"end":{"line":41,"column":35}},"16":{"start":{"line":42,"column":6},"end":{"line":44,"column":9}},"17":{"start":{"line":46,"column":6},"end":{"line":46,"column":69}},"18":{"start":{"line":51,"column":4},"end":{"line":56,"column":5}},"19":{"start":{"line":52,"column":6},"end":{"line":52,"column":35}},"20":{"start":{"line":53,"column":6},"end":{"line":53,"column":33}},"21":{"start":{"line":55,"column":6},"end":{"line":55,"column":71}},"22":{"start":{"line":60,"column":4},"end":{"line":68,"column":5}},"23":{"start":{"line":61,"column":6},"end":{"line":61,"column":35}},"24":{"start":{"line":62,"column":19},"end":{"line":62,"column":55}},"25":{"start":{"line":63,"column":6},"end":{"line":65,"column":7}},"26":{"start":{"line":64,"column":8},"end":{"line":64,"column":67}},"27":{"start":{"line":64,"column":44},"end":{"line":64,"column":64}},"28":{"start":{"line":67,"column":6},"end":{"line":67,"column":76}},"29":{"start":{"line":72,"column":4},"end":{"line":78,"column":5}},"30":{"start":{"line":73,"column":6},"end":{"line":75,"column":7}},"31":{"start":{"line":74,"column":8},"end":{"line":74,"column":33}},"32":{"start":{"line":77,"column":6},"end":{"line":77,"column":62}},"33":{"start":{"line":82,"column":0},"end":{"line":82,"column":31}}},"fnMap":{"0":{"name":"(anonymous_0)","decl":{"start":{"line":4,"column":2},"end":{"line":4,"column":3}},"loc":{"start":{"line":9,"column":6},"end":{"line":20,"column":3}},"line":9},"1":{"name":"(anonymous_1)","decl":{"start":{"line":13,"column":28},"end":{"line":13,"column":29}},"loc":{"start":{"line":13,"column":37},"end":{"line":15,"column":5}},"line":13},"2":{"name":"(anonymous_2)","decl":{"start":{"line":17,"column":32},"end":{"line":17,"column":33}},"loc":{"start":{"line":17,"column":41},"end":{"line":19,"column":5}},"line":17},"3":{"name":"(anonymous_3)","decl":{"start":{"line":22,"column":2},"end":{"line":22,"column":3}},"loc":{"start":{"line":22,"column":26},"end":{"line":26,"column":3}},"line":22},"4":{"name":"(anonymous_4)","decl":{"start":{"line":28,"column":2},"end":{"line":28,"column":3}},"loc":{"start":{"line":28,"column":17},"end":{"line":37,"column":3}},"line":28},"5":{"name":"(anonymous_5)","decl":{"start":{"line":39,"column":2},"end":{"line":39,"column":3}},"loc":{"start":{"line":39,"column":52},"end":{"line":48,"column":3}},"line":39},"6":{"name":"(anonymous_6)","decl":{"start":{"line":50,"column":2},"end":{"line":50,"column":3}},"loc":{"start":{"line":50,"column":24},"end":{"line":57,"column":3}},"line":50},"7":{"name":"(anonymous_7)","decl":{"start":{"line":59,"column":2},"end":{"line":59,"column":3}},"loc":{"start":{"line":59,"column":33},"end":{"line":69,"column":3}},"line":59},"8":{"name":"(anonymous_8)","decl":{"start":{"line":64,"column":35},"end":{"line":64,"column":36}},"loc":{"start":{"line":64,"column":44},"end":{"line":64,"column":64}},"line":64},"9":{"name":"(anonymous_9)","decl":{"start":{"line":71,"column":2},"end":{"line":71,"column":3}},"loc":{"start":{"line":71,"column":16},"end":{"line":79,"column":3}},"line":71}},"branchMap":{"0":{"loc":{"start":{"line":4,"column":14},"end":{"line":9,"column":4}},"type":"default-arg","locations":[{"start":{"line":4,"column":23},"end":{"line":9,"column":4}}],"line":4},"1":{"loc":{"start":{"line":6,"column":12},"end":{"line":6,"column":49}},"type":"binary-expr","locations":[{"start":{"line":6,"column":12},"end":{"line":6,"column":34}},{"start":{"line":6,"column":38},"end":{"line":6,"column":49}}],"line":6},"2":{"loc":{"start":{"line":7,"column":12},"end":{"line":7,"column":42}},"type":"binary-expr","locations":[{"start":{"line":7,"column":12},"end":{"line":7,"column":34}},{"start":{"line":7,"column":38},"end":{"line":7,"column":42}}],"line":7},"3":{"loc":{"start":{"line":23,"column":4},"end":{"line":25,"column":5}},"type":"if","locations":[{"start":{"line":23,"column":4},"end":{"line":25,"column":5}},{"start":{},"end":{}}],"line":23},"4":{"loc":{"start":{"line":32,"column":13},"end":{"line":32,"column":43}},"type":"cond-expr","locations":[{"start":{"line":32,"column":20},"end":{"line":32,"column":36}},{"start":{"line":32,"column":39},"end":{"line":32,"column":43}}],"line":32},"5":{"loc":{"start":{"line":39,"column":24},"end":{"line":39,"column":50}},"type":"default-arg","locations":[{"start":{"line":39,"column":46},"end":{"line":39,"column":50}}],"line":39},"6":{"loc":{"start":{"line":63,"column":6},"end":{"line":65,"column":7}},"type":"if","locations":[{"start":{"line":63,"column":6},"end":{"line":65,"column":7}},{"start":{},"end":{}}],"line":63},"7":{"loc":{"start":{"line":73,"column":6},"end":{"line":75,"column":7}},"type":"if","locations":[{"start":{"line":73,"column":6},"end":{"line":75,"column":7}},{"start":{},"end":{}}],"line":73}},"s":{"0":10,"1":6,"2":6,"3":0,"4":6,"5":0,"6":5,"7":0,"8":2,"9":2,"10":2,"11":2,"12":0,"13":0,"14":1,"15":1,"16":1,"17":0,"18":1,"19":1,"20":1,"21":0,"22":1,"23":1,"24":1,"25":1,"26":1,"27":2,"28":0,"29":1,"30":1,"31":1,"32":0,"33":10},"f":{"0":6,"1":0,"2":0,"3":5,"4":2,"5":1,"6":1,"7":1,"8":2,"9":1},"b":{"0":[0],"1":[0,0],"2":[0,0],"3":[0,5],"4":[1,1],"5":[0],"6":[1,0],"7":[1,0]},"_coverageSchema":"1a1c01bbd47fc00a2c39e90264f33305004495a9","hash":"4e2263e8ba9a5d017b30b59421b98ec789a81307"}
,"/home/emersondev/cadastro-usuarios-microservices/src/infrastructure/database/MySQLConnection.js": {"path":"/home/emersondev/cadastro-usuarios-microservices/src/infrastructure/database/MySQLConnection.js","statementMap":{"0":{"start":{"line":1,"column":14},"end":{"line":1,"column":39}},"1":{"start":{"line":3,"column":13},"end":{"line":11,"column":2}},"2":{"start":{"line":13,"column":0},"end":{"line":13,"column":22}}},"fnMap":{},"branchMap":{"0":{"loc":{"start":{"line":4,"column":8},"end":{"line":4,"column":44}},"type":"binary-expr","locations":[{"start":{"line":4,"column":8},"end":{"line":4,"column":30}},{"start":{"line":4,"column":34},"end":{"line":4,"column":44}}],"line":4},"1":{"loc":{"start":{"line":5,"column":8},"end":{"line":5,"column":40}},"type":"binary-expr","locations":[{"start":{"line":5,"column":8},"end":{"line":5,"column":30}},{"start":{"line":5,"column":34},"end":{"line":5,"column":40}}],"line":5},"2":{"loc":{"start":{"line":6,"column":12},"end":{"line":6,"column":55}},"type":"binary-expr","locations":[{"start":{"line":6,"column":12},"end":{"line":6,"column":38}},{"start":{"line":6,"column":42},"end":{"line":6,"column":55}}],"line":6},"3":{"loc":{"start":{"line":7,"column":12},"end":{"line":7,"column":53}},"type":"binary-expr","locations":[{"start":{"line":7,"column":12},"end":{"line":7,"column":38}},{"start":{"line":7,"column":42},"end":{"line":7,"column":53}}],"line":7}},"s":{"0":7,"1":7,"2":7},"f":{},"b":{"0":[7,7],"1":[7,7],"2":[7,7],"3":[7,7]},"_coverageSchema":"1a1c01bbd47fc00a2c39e90264f33305004495a9","hash":"e853bcc3fd58562ace00f15ccf8835f8d3bd3029"}
,"/home/emersondev/cadastro-usuarios-microservices/src/infrastructure/repositories/UsuarioRepository.js": {"path":"/home/emersondev/cadastro-usuarios-microservices/src/infrastructure/repositories/UsuarioRepository.js","statementMap":{"0":{"start":{"line":1,"column":13},"end":{"line":1,"column":69}},"1":{"start":{"line":6,"column":4},"end":{"line":20,"column":5}},"2":{"start":{"line":19,"column":6},"end":{"line":19,"column":67}},"3":{"start":{"line":22,"column":23},"end":{"line":22,"column":49}},"4":{"start":{"line":23,"column":4},"end":{"line":56,"column":5}},"5":{"start":{"line":24,"column":18},"end":{"line":31,"column":7}},"6":{"start":{"line":33,"column":21},"end":{"line":47,"column":7}},"7":{"start":{"line":49,"column":23},"end":{"line":49,"column":60}},"8":{"start":{"line":50,"column":6},"end":{"line":50,"column":50}},"9":{"start":{"line":52,"column":6},"end":{"line":52,"column":76}},"10":{"start":{"line":53,"column":6},"end":{"line":53,"column":47}},"11":{"start":{"line":55,"column":6},"end":{"line":55,"column":27}},"12":{"start":{"line":60,"column":23},"end":{"line":60,"column":49}},"13":{"start":{"line":61,"column":4},"end":{"line":75,"column":5}},"14":{"start":{"line":62,"column":18},"end":{"line":62,"column":80}},"15":{"start":{"line":63,"column":21},"end":{"line":63,"column":56}},"16":{"start":{"line":65,"column":6},"end":{"line":67,"column":7}},"17":{"start":{"line":66,"column":8},"end":{"line":66,"column":20}},"18":{"start":{"line":69,"column":6},"end":{"line":69,"column":38}},"19":{"start":{"line":71,"column":6},"end":{"line":71,"column":76}},"20":{"start":{"line":72,"column":6},"end":{"line":72,"column":48}},"21":{"start":{"line":74,"column":6},"end":{"line":74,"column":27}},"22":{"start":{"line":79,"column":23},"end":{"line":79,"column":49}},"23":{"start":{"line":80,"column":4},"end":{"line":140,"column":5}},"24":{"start":{"line":86,"column":10},"end":{"line":86,"column":20}},"25":{"start":{"line":96,"column":10},"end":{"line":96,"column":18}},"26":{"start":{"line":98,"column":18},"end":{"line":112,"column":7}},"27":{"start":{"line":114,"column":21},"end":{"line":126,"column":7}},"28":{"start":{"line":128,"column":23},"end":{"line":128,"column":60}},"29":{"start":{"line":130,"column":6},"end":{"line":132,"column":7}},"30":{"start":{"line":131,"column":8},"end":{"line":131,"column":20}},"31":{"start":{"line":134,"column":6},"end":{"line":134,"column":37}},"32":{"start":{"line":136,"column":6},"end":{"line":136,"column":72}},"33":{"start":{"line":137,"column":6},"end":{"line":137,"column":51}},"34":{"start":{"line":139,"column":6},"end":{"line":139,"column":27}},"35":{"start":{"line":145,"column":23},"end":{"line":145,"column":49}},"36":{"start":{"line":146,"column":4},"end":{"line":163,"column":5}},"37":{"start":{"line":147,"column":18},"end":{"line":153,"column":7}},"38":{"start":{"line":155,"column":23},"end":{"line":155,"column":69}},"39":{"start":{"line":157,"column":6},"end":{"line":157,"column":37}},"40":{"start":{"line":159,"column":6},"end":{"line":159,"column":70}},"41":{"start":{"line":160,"column":6},"end":{"line":160,"column":49}},"42":{"start":{"line":162,"column":6},"end":{"line":162,"column":27}},"43":{"start":{"line":167,"column":23},"end":{"line":167,"column":49}},"44":{"start":{"line":168,"column":4},"end":{"line":182,"column":5}},"45":{"start":{"line":169,"column":18},"end":{"line":169,"column":81}},"46":{"start":{"line":170,"column":21},"end":{"line":170,"column":57}},"47":{"start":{"line":172,"column":6},"end":{"line":174,"column":7}},"48":{"start":{"line":173,"column":8},"end":{"line":173,"column":20}},"49":{"start":{"line":176,"column":6},"end":{"line":176,"column":38}},"50":{"start":{"line":178,"column":6},"end":{"line":178,"column":77}},"51":{"start":{"line":179,"column":6},"end":{"line":179,"column":48}},"52":{"start":{"line":181,"column":6},"end":{"line":181,"column":27}},"53":{"start":{"line":186,"column":23},"end":{"line":186,"column":49}},"54":{"start":{"line":187,"column":4},"end":{"line":197,"column":5}},"55":{"start":{"line":188,"column":18},"end":{"line":188,"column":69}},"56":{"start":{"line":189,"column":21},"end":{"line":189,"column":50}},"57":{"start":{"line":191,"column":6},"end":{"line":191,"column":53}},"58":{"start":{"line":191,"column":31},"end":{"line":191,"column":51}},"59":{"start":{"line":193,"column":6},"end":{"line":193,"column":79}},"60":{"start":{"line":194,"column":6},"end":{"line":194,"column":49}},"61":{"start":{"line":196,"column":6},"end":{"line":196,"column":27}},"62":{"start":{"line":202,"column":4},"end":{"line":204,"column":5}},"63":{"start":{"line":203,"column":6},"end":{"line":203,"column":70}},"64":{"start":{"line":206,"column":4},"end":{"line":228,"column":6}},"65":{"start":{"line":233,"column":0},"end":{"line":233,"column":35}}},"fnMap":{"0":{"name":"(anonymous_0)","decl":{"start":{"line":4,"column":2},"end":{"line":4,"column":3}},"loc":{"start":{"line":4,"column":25},"end":{"line":57,"column":3}},"line":4},"1":{"name":"(anonymous_1)","decl":{"start":{"line":59,"column":2},"end":{"line":59,"column":3}},"loc":{"start":{"line":59,"column":21},"end":{"line":76,"column":3}},"line":59},"2":{"name":"(anonymous_2)","decl":{"start":{"line":78,"column":2},"end":{"line":78,"column":3}},"loc":{"start":{"line":78,"column":31},"end":{"line":141,"column":3}},"line":78},"3":{"name":"(anonymous_3)","decl":{"start":{"line":144,"column":2},"end":{"line":144,"column":3}},"loc":{"start":{"line":144,"column":41},"end":{"line":164,"column":3}},"line":144},"4":{"name":"(anonymous_4)","decl":{"start":{"line":166,"column":2},"end":{"line":166,"column":3}},"loc":{"start":{"line":166,"column":23},"end":{"line":183,"column":3}},"line":166},"5":{"name":"(anonymous_5)","decl":{"start":{"line":185,"column":2},"end":{"line":185,"column":3}},"loc":{"start":{"line":185,"column":18},"end":{"line":198,"column":3}},"line":185},"6":{"name":"(anonymous_6)","decl":{"start":{"line":191,"column":22},"end":{"line":191,"column":23}},"loc":{"start":{"line":191,"column":31},"end":{"line":191,"column":51}},"line":191},"7":{"name":"(anonymous_7)","decl":{"start":{"line":201,"column":2},"end":{"line":201,"column":3}},"loc":{"start":{"line":201,"column":18},"end":{"line":229,"column":3}},"line":201}},"branchMap":{"0":{"loc":{"start":{"line":6,"column":4},"end":{"line":20,"column":5}},"type":"if","locations":[{"start":{"line":6,"column":4},"end":{"line":20,"column":5}},{"start":{},"end":{}}],"line":6},"1":{"loc":{"start":{"line":7,"column":6},"end":{"line":17,"column":28}},"type":"binary-expr","locations":[{"start":{"line":7,"column":6},"end":{"line":7,"column":15}},{"start":{"line":8,"column":6},"end":{"line":8,"column":19}},{"start":{"line":9,"column":6},"end":{"line":9,"column":20}},{"start":{"line":10,"column":6},"end":{"line":10,"column":25}},{"start":{"line":11,"column":6},"end":{"line":11,"column":24}},{"start":{"line":12,"column":6},"end":{"line":12,"column":28}},{"start":{"line":13,"column":6},"end":{"line":13,"column":31}},{"start":{"line":14,"column":6},"end":{"line":14,"column":31}},{"start":{"line":15,"column":6},"end":{"line":15,"column":31}},{"start":{"line":16,"column":6},"end":{"line":16,"column":31}},{"start":{"line":17,"column":6},"end":{"line":17,"column":28}}],"line":7},"2":{"loc":{"start":{"line":37,"column":8},"end":{"line":37,"column":39}},"type":"binary-expr","locations":[{"start":{"line":37,"column":8},"end":{"line":37,"column":31}},{"start":{"line":37,"column":35},"end":{"line":37,"column":39}}],"line":37},"3":{"loc":{"start":{"line":40,"column":8},"end":{"line":40,"column":45}},"type":"binary-expr","locations":[{"start":{"line":40,"column":8},"end":{"line":40,"column":37}},{"start":{"line":40,"column":41},"end":{"line":40,"column":45}}],"line":40},"4":{"loc":{"start":{"line":45,"column":8},"end":{"line":45,"column":34}},"type":"binary-expr","locations":[{"start":{"line":45,"column":8},"end":{"line":45,"column":23}},{"start":{"line":45,"column":27},"end":{"line":45,"column":34}}],"line":45},"5":{"loc":{"start":{"line":46,"column":8},"end":{"line":46,"column":38}},"type":"binary-expr","locations":[{"start":{"line":46,"column":8},"end":{"line":46,"column":26}},{"start":{"line":46,"column":30},"end":{"line":46,"column":38}}],"line":46},"6":{"loc":{"start":{"line":65,"column":6},"end":{"line":67,"column":7}},"type":"if","locations":[{"start":{"line":65,"column":6},"end":{"line":67,"column":7}},{"start":{},"end":{}}],"line":65},"7":{"loc":{"start":{"line":84,"column":8},"end":{"line":84,"column":21}},"type":"default-arg","locations":[{"start":{"line":84,"column":19},"end":{"line":84,"column":21}}],"line":84},"8":{"loc":{"start":{"line":85,"column":8},"end":{"line":85,"column":28}},"type":"default-arg","locations":[{"start":{"line":85,"column":20},"end":{"line":85,"column":28}}],"line":85},"9":{"loc":{"start":{"line":89,"column":8},"end":{"line":89,"column":18}},"type":"default-arg","locations":[{"start":{"line":89,"column":14},"end":{"line":89,"column":18}}],"line":89},"10":{"loc":{"start":{"line":90,"column":8},"end":{"line":90,"column":21}},"type":"default-arg","locations":[{"start":{"line":90,"column":17},"end":{"line":90,"column":21}}],"line":90},"11":{"loc":{"start":{"line":91,"column":8},"end":{"line":91,"column":26}},"type":"default-arg","locations":[{"start":{"line":91,"column":22},"end":{"line":91,"column":26}}],"line":91},"12":{"loc":{"start":{"line":92,"column":8},"end":{"line":92,"column":21}},"type":"default-arg","locations":[{"start":{"line":92,"column":17},"end":{"line":92,"column":21}}],"line":92},"13":{"loc":{"start":{"line":93,"column":8},"end":{"line":93,"column":21}},"type":"default-arg","locations":[{"start":{"line":93,"column":17},"end":{"line":93,"column":21}}],"line":93},"14":{"loc":{"start":{"line":94,"column":8},"end":{"line":94,"column":21}},"type":"default-arg","locations":[{"start":{"line":94,"column":17},"end":{"line":94,"column":21}}],"line":94},"15":{"loc":{"start":{"line":95,"column":8},"end":{"line":95,"column":18}},"type":"default-arg","locations":[{"start":{"line":95,"column":14},"end":{"line":95,"column":18}}],"line":95},"16":{"loc":{"start":{"line":130,"column":6},"end":{"line":132,"column":7}},"type":"if","locations":[{"start":{"line":130,"column":6},"end":{"line":132,"column":7}},{"start":{},"end":{}}],"line":130},"17":{"loc":{"start":{"line":144,"column":19},"end":{"line":144,"column":39}},"type":"default-arg","locations":[{"start":{"line":144,"column":31},"end":{"line":144,"column":39}}],"line":144},"18":{"loc":{"start":{"line":172,"column":6},"end":{"line":174,"column":7}},"type":"if","locations":[{"start":{"line":172,"column":6},"end":{"line":174,"column":7}},{"start":{},"end":{}}],"line":172},"19":{"loc":{"start":{"line":202,"column":4},"end":{"line":204,"column":5}},"type":"if","locations":[{"start":{"line":202,"column":4},"end":{"line":204,"column":5}},{"start":{},"end":{}}],"line":202},"20":{"loc":{"start":{"line":202,"column":8},"end":{"line":202,"column":39}},"type":"binary-expr","locations":[{"start":{"line":202,"column":8},"end":{"line":202,"column":12}},{"start":{"line":202,"column":16},"end":{"line":202,"column":39}}],"line":202},"21":{"loc":{"start":{"line":215,"column":21},"end":{"line":215,"column":51}},"type":"binary-expr","locations":[{"start":{"line":215,"column":21},"end":{"line":215,"column":45}},{"start":{"line":215,"column":49},"end":{"line":215,"column":51}}],"line":215}},"s":{"0":8,"1":2,"2":1,"3":1,"4":1,"5":1,"6":1,"7":1,"8":1,"9":0,"10":0,"11":1,"12":4,"13":4,"14":4,"15":4,"16":4,"17":1,"18":3,"19":0,"20":0,"21":4,"22":3,"23":3,"24":3,"25":3,"26":3,"27":3,"28":3,"29":3,"30":1,"31":2,"32":0,"33":0,"34":3,"35":2,"36":2,"37":2,"38":2,"39":2,"40":0,"41":0,"42":2,"43":2,"44":2,"45":2,"46":2,"47":2,"48":1,"49":1,"50":0,"51":0,"52":2,"53":1,"54":1,"55":1,"56":1,"57":1,"58":1,"59":0,"60":0,"61":1,"62":8,"63":0,"64":8,"65":8},"f":{"0":2,"1":4,"2":3,"3":2,"4":2,"5":1,"6":1,"7":8},"b":{"0":[1,1],"1":[2,2,1,1,1,1,1,1,1,1,1],"2":[1,1],"3":[1,1],"4":[1,0],"5":[1,0],"6":[1,3],"7":[2],"8":[3],"9":[2],"10":[2],"11":[3],"12":[2],"13":[2],"14":[2],"15":[2],"16":[1,2],"17":[2],"18":[1,1],"19":[0,8],"20":[8,8],"21":[8,8]},"_coverageSchema":"1a1c01bbd47fc00a2c39e90264f33305004495a9","hash":"a2a5f5c4ab2d3f6e6b46110892d644a9d19d438c"}
,"/home/emersondev/cadastro-usuarios-microservices/src/interfaces/controllers/AuthController.js": {"path":"/home/emersondev/cadastro-usuarios-microservices/src/interfaces/controllers/AuthController.js","statementMap":{"0":{"start":{"line":1,"column":12},"end":{"line":1,"column":35}},"1":{"start":{"line":2,"column":26},"end":{"line":2,"column":88}},"2":{"start":{"line":3,"column":15},"end":{"line":3,"column":32}},"3":{"start":{"line":4,"column":15},"end":{"line":4,"column":41}},"4":{"start":{"line":8,"column":4},"end":{"line":8,"column":53}},"5":{"start":{"line":12,"column":4},"end":{"line":49,"column":5}},"6":{"start":{"line":13,"column":32},"end":{"line":13,"column":40}},"7":{"start":{"line":15,"column":6},"end":{"line":17,"column":7}},"8":{"start":{"line":16,"column":8},"end":{"line":16,"column":80}},"9":{"start":{"line":19,"column":22},"end":{"line":19,"column":65}},"10":{"start":{"line":21,"column":6},"end":{"line":23,"column":7}},"11":{"start":{"line":22,"column":8},"end":{"line":22,"column":73}},"12":{"start":{"line":25,"column":26},"end":{"line":25,"column":75}},"13":{"start":{"line":27,"column":6},"end":{"line":29,"column":7}},"14":{"start":{"line":28,"column":8},"end":{"line":28,"column":73}},"15":{"start":{"line":32,"column":20},"end":{"line":36,"column":7}},"16":{"start":{"line":38,"column":6},"end":{"line":45,"column":9}},"17":{"start":{"line":47,"column":6},"end":{"line":47,"column":70}},"18":{"start":{"line":48,"column":6},"end":{"line":48,"column":80}},"19":{"start":{"line":53,"column":4},"end":{"line":112,"column":5}},"20":{"start":{"line":54,"column":45},"end":{"line":54,"column":53}},"21":{"start":{"line":57,"column":6},"end":{"line":59,"column":7}},"22":{"start":{"line":58,"column":8},"end":{"line":58,"column":86}},"23":{"start":{"line":61,"column":6},"end":{"line":71,"column":7}},"24":{"start":{"line":70,"column":8},"end":{"line":70,"column":96}},"25":{"start":{"line":74,"column":31},"end":{"line":74,"column":74}},"26":{"start":{"line":75,"column":6},"end":{"line":77,"column":7}},"27":{"start":{"line":76,"column":8},"end":{"line":76,"column":82}},"28":{"start":{"line":80,"column":24},"end":{"line":80,"column":52}},"29":{"start":{"line":81,"column":26},"end":{"line":89,"column":7}},"30":{"start":{"line":91,"column":22},"end":{"line":91,"column":70}},"31":{"start":{"line":94,"column":20},"end":{"line":98,"column":7}},"32":{"start":{"line":100,"column":6},"end":{"line":108,"column":9}},"33":{"start":{"line":110,"column":6},"end":{"line":110,"column":65}},"34":{"start":{"line":111,"column":6},"end":{"line":111,"column":77}},"35":{"start":{"line":116,"column":0},"end":{"line":116,"column":32}}},"fnMap":{"0":{"name":"(anonymous_0)","decl":{"start":{"line":7,"column":2},"end":{"line":7,"column":3}},"loc":{"start":{"line":7,"column":16},"end":{"line":9,"column":3}},"line":7},"1":{"name":"(anonymous_1)","decl":{"start":{"line":11,"column":2},"end":{"line":11,"column":3}},"loc":{"start":{"line":11,"column":24},"end":{"line":50,"column":3}},"line":11},"2":{"name":"(anonymous_2)","decl":{"start":{"line":52,"column":2},"end":{"line":52,"column":3}},"loc":{"start":{"line":52,"column":27},"end":{"line":113,"column":3}},"line":52}},"branchMap":{"0":{"loc":{"start":{"line":15,"column":6},"end":{"line":17,"column":7}},"type":"if","locations":[{"start":{"line":15,"column":6},"end":{"line":17,"column":7}},{"start":{},"end":{}}],"line":15},"1":{"loc":{"start":{"line":15,"column":10},"end":{"line":15,"column":27}},"type":"binary-expr","locations":[{"start":{"line":15,"column":10},"end":{"line":15,"column":14}},{"start":{"line":15,"column":18},"end":{"line":15,"column":27}}],"line":15},"2":{"loc":{"start":{"line":21,"column":6},"end":{"line":23,"column":7}},"type":"if","locations":[{"start":{"line":21,"column":6},"end":{"line":23,"column":7}},{"start":{},"end":{}}],"line":21},"3":{"loc":{"start":{"line":27,"column":6},"end":{"line":29,"column":7}},"type":"if","locations":[{"start":{"line":27,"column":6},"end":{"line":29,"column":7}},{"start":{},"end":{}}],"line":27},"4":{"loc":{"start":{"line":57,"column":6},"end":{"line":59,"column":7}},"type":"if","locations":[{"start":{"line":57,"column":6},"end":{"line":59,"column":7}},{"start":{},"end":{}}],"line":57},"5":{"loc":{"start":{"line":57,"column":10},"end":{"line":57,"column":33}},"type":"binary-expr","locations":[{"start":{"line":57,"column":10},"end":{"line":57,"column":14}},{"start":{"line":57,"column":18},"end":{"line":57,"column":23}},{"start":{"line":57,"column":27},"end":{"line":57,"column":33}}],"line":57},"6":{"loc":{"start":{"line":61,"column":6},"end":{"line":71,"column":7}},"type":"if","locations":[{"start":{"line":61,"column":6},"end":{"line":71,"column":7}},{"start":{},"end":{}}],"line":61},"7":{"loc":{"start":{"line":62,"column":8},"end":{"line":68,"column":21}},"type":"binary-expr","locations":[{"start":{"line":62,"column":8},"end":{"line":62,"column":17}},{"start":{"line":63,"column":8},"end":{"line":63,"column":21}},{"start":{"line":64,"column":8},"end":{"line":64,"column":24}},{"start":{"line":65,"column":8},"end":{"line":65,"column":24}},{"start":{"line":66,"column":8},"end":{"line":66,"column":24}},{"start":{"line":67,"column":8},"end":{"line":67,"column":24}},{"start":{"line":68,"column":8},"end":{"line":68,"column":21}}],"line":62},"8":{"loc":{"start":{"line":75,"column":6},"end":{"line":77,"column":7}},"type":"if","locations":[{"start":{"line":75,"column":6},"end":{"line":77,"column":7}},{"start":{},"end":{}}],"line":75},"9":{"loc":{"start":{"line":86,"column":24},"end":{"line":86,"column":55}},"type":"binary-expr","locations":[{"start":{"line":86,"column":24},"end":{"line":86,"column":47}},{"start":{"line":86,"column":51},"end":{"line":86,"column":55}}],"line":86}},"s":{"0":1,"1":1,"2":1,"3":1,"4":4,"5":0,"6":0,"7":0,"8":0,"9":0,"10":0,"11":0,"12":0,"13":0,"14":0,"15":0,"16":0,"17":0,"18":0,"19":4,"20":4,"21":4,"22":1,"23":3,"24":0,"25":3,"26":3,"27":1,"28":2,"29":2,"30":2,"31":1,"32":1,"33":1,"34":1,"35":1},"f":{"0":4,"1":0,"2":4},"b":{"0":[0,0],"1":[0,0],"2":[0,0],"3":[0,0],"4":[1,3],"5":[4,4,3],"6":[0,3],"7":[3,3,3,3,3,3,3],"8":[1,2],"9":[2,2]},"_coverageSchema":"1a1c01bbd47fc00a2c39e90264f33305004495a9","hash":"5a79cc0739f2e03db64b7c299204c236e1927ed7"}
,"/home/emersondev/cadastro-usuarios-microservices/src/interfaces/controllers/UsuarioController.js": {"path":"/home/emersondev/cadastro-usuarios-microservices/src/interfaces/controllers/UsuarioController.js","statementMap":{"0":{"start":{"line":1,"column":25},"end":{"line":1,"column":66}},"1":{"start":{"line":2,"column":26},"end":{"line":2,"column":88}},"2":{"start":{"line":3,"column":26},"end":{"line":3,"column":76}},"3":{"start":{"line":4,"column":29},"end":{"line":4,"column":82}},"4":{"start":{"line":5,"column":29},"end":{"line":5,"column":82}},"5":{"start":{"line":6,"column":30},"end":{"line":6,"column":84}},"6":{"start":{"line":11,"column":30},"end":{"line":11,"column":53}},"7":{"start":{"line":13,"column":4},"end":{"line":13,"column":70}},"8":{"start":{"line":14,"column":4},"end":{"line":14,"column":76}},"9":{"start":{"line":15,"column":4},"end":{"line":15,"column":76}},"10":{"start":{"line":16,"column":4},"end":{"line":16,"column":78}},"11":{"start":{"line":20,"column":4},"end":{"line":35,"column":5}},"12":{"start":{"line":21,"column":24},"end":{"line":21,"column":37}},"13":{"start":{"line":23,"column":22},"end":{"line":23,"column":69}},"14":{"start":{"line":25,"column":6},"end":{"line":27,"column":7}},"15":{"start":{"line":26,"column":8},"end":{"line":26,"column":74}},"16":{"start":{"line":29,"column":31},"end":{"line":29,"column":64}},"17":{"start":{"line":31,"column":6},"end":{"line":31,"column":62}},"18":{"start":{"line":33,"column":6},"end":{"line":33,"column":62}},"19":{"start":{"line":34,"column":6},"end":{"line":34,"column":60}},"20":{"start":{"line":39,"column":4},"end":{"line":59,"column":5}},"21":{"start":{"line":40,"column":24},"end":{"line":40,"column":37}},"22":{"start":{"line":41,"column":25},"end":{"line":41,"column":33}},"23":{"start":{"line":42,"column":24},"end":{"line":42,"column":57}},"24":{"start":{"line":44,"column":22},"end":{"line":47,"column":8}},"25":{"start":{"line":49,"column":6},"end":{"line":51,"column":7}},"26":{"start":{"line":50,"column":8},"end":{"line":50,"column":101}},"27":{"start":{"line":53,"column":31},"end":{"line":53,"column":64}},"28":{"start":{"line":55,"column":6},"end":{"line":55,"column":62}},"29":{"start":{"line":57,"column":6},"end":{"line":57,"column":65}},"30":{"start":{"line":58,"column":6},"end":{"line":58,"column":60}},"31":{"start":{"line":63,"column":4},"end":{"line":77,"column":5}},"32":{"start":{"line":64,"column":24},"end":{"line":64,"column":37}},"33":{"start":{"line":65,"column":24},"end":{"line":65,"column":57}},"34":{"start":{"line":67,"column":22},"end":{"line":67,"column":83}},"35":{"start":{"line":69,"column":6},"end":{"line":71,"column":7}},"36":{"start":{"line":70,"column":8},"end":{"line":70,"column":99}},"37":{"start":{"line":73,"column":6},"end":{"line":73,"column":80}},"38":{"start":{"line":75,"column":6},"end":{"line":75,"column":63}},"39":{"start":{"line":76,"column":6},"end":{"line":76,"column":60}},"40":{"start":{"line":81,"column":4},"end":{"line":90,"column":5}},"41":{"start":{"line":82,"column":23},"end":{"line":82,"column":65}},"42":{"start":{"line":84,"column":32},"end":{"line":84,"column":70}},"43":{"start":{"line":86,"column":6},"end":{"line":86,"column":64}},"44":{"start":{"line":88,"column":6},"end":{"line":88,"column":72}},"45":{"start":{"line":89,"column":6},"end":{"line":89,"column":60}},"46":{"start":{"line":94,"column":0},"end":{"line":94,"column":35}}},"fnMap":{"0":{"name":"(anonymous_0)","decl":{"start":{"line":9,"column":2},"end":{"line":9,"column":3}},"loc":{"start":{"line":9,"column":16},"end":{"line":17,"column":3}},"line":9},"1":{"name":"(anonymous_1)","decl":{"start":{"line":19,"column":2},"end":{"line":19,"column":3}},"loc":{"start":{"line":19,"column":29},"end":{"line":36,"column":3}},"line":19},"2":{"name":"(anonymous_2)","decl":{"start":{"line":38,"column":2},"end":{"line":38,"column":3}},"loc":{"start":{"line":38,"column":32},"end":{"line":60,"column":3}},"line":38},"3":{"name":"(anonymous_3)","decl":{"start":{"line":62,"column":2},"end":{"line":62,"column":3}},"loc":{"start":{"line":62,"column":32},"end":{"line":78,"column":3}},"line":62},"4":{"name":"(anonymous_4)","decl":{"start":{"line":80,"column":2},"end":{"line":80,"column":3}},"loc":{"start":{"line":80,"column":33},"end":{"line":91,"column":3}},"line":80}},"branchMap":{"0":{"loc":{"start":{"line":25,"column":6},"end":{"line":27,"column":7}},"type":"if","locations":[{"start":{"line":25,"column":6},"end":{"line":27,"column":7}},{"start":{},"end":{}}],"line":25},"1":{"loc":{"start":{"line":42,"column":24},"end":{"line":42,"column":57}},"type":"cond-expr","locations":[{"start":{"line":42,"column":35},"end":{"line":42,"column":46}},{"start":{"line":42,"column":49},"end":{"line":42,"column":57}}],"line":42},"2":{"loc":{"start":{"line":49,"column":6},"end":{"line":51,"column":7}},"type":"if","locations":[{"start":{"line":49,"column":6},"end":{"line":51,"column":7}},{"start":{},"end":{}}],"line":49},"3":{"loc":{"start":{"line":65,"column":24},"end":{"line":65,"column":57}},"type":"cond-expr","locations":[{"start":{"line":65,"column":35},"end":{"line":65,"column":46}},{"start":{"line":65,"column":49},"end":{"line":65,"column":57}}],"line":65},"4":{"loc":{"start":{"line":69,"column":6},"end":{"line":71,"column":7}},"type":"if","locations":[{"start":{"line":69,"column":6},"end":{"line":71,"column":7}},{"start":{},"end":{}}],"line":69}},"s":{"0":1,"1":1,"2":1,"3":1,"4":1,"5":1,"6":11,"7":11,"8":11,"9":11,"10":11,"11":3,"12":3,"13":3,"14":2,"15":1,"16":1,"17":1,"18":1,"19":1,"20":3,"21":3,"22":3,"23":3,"24":3,"25":2,"26":1,"27":1,"28":1,"29":1,"30":1,"31":3,"32":3,"33":3,"34":3,"35":2,"36":1,"37":1,"38":1,"39":1,"40":2,"41":2,"42":1,"43":1,"44":1,"45":1,"46":1},"f":{"0":11,"1":3,"2":3,"3":3,"4":2},"b":{"0":[1,1],"1":[3,0],"2":[1,1],"3":[3,0],"4":[1,1]},"_coverageSchema":"1a1c01bbd47fc00a2c39e90264f33305004495a9","hash":"c79c8c33052ae7c303aab564f2ac8f90aca50242"}
,"/home/emersondev/cadastro-usuarios-microservices/src/interfaces/presenters/UsuarioPresenter.js": {"path":"/home/emersondev/cadastro-usuarios-microservices/src/interfaces/presenters/UsuarioPresenter.js","statementMap":{"0":{"start":{"line":3,"column":4},"end":{"line":24,"column":6}},"1":{"start":{"line":28,"column":4},"end":{"line":28,"column":60}},"2":{"start":{"line":28,"column":37},"end":{"line":28,"column":58}},"3":{"start":{"line":32,"column":0},"end":{"line":32,"column":34}}},"fnMap":{"0":{"name":"(anonymous_0)","decl":{"start":{"line":2,"column":2},"end":{"line":2,"column":3}},"loc":{"start":{"line":2,"column":26},"end":{"line":25,"column":3}},"line":2},"1":{"name":"(anonymous_1)","decl":{"start":{"line":27,"column":2},"end":{"line":27,"column":3}},"loc":{"start":{"line":27,"column":31},"end":{"line":29,"column":3}},"line":27},"2":{"name":"(anonymous_2)","decl":{"start":{"line":28,"column":24},"end":{"line":28,"column":25}},"loc":{"start":{"line":28,"column":37},"end":{"line":28,"column":58}},"line":28}},"branchMap":{},"s":{"0":3,"1":1,"2":2,"3":2},"f":{"0":3,"1":1,"2":2},"b":{},"_coverageSchema":"1a1c01bbd47fc00a2c39e90264f33305004495a9","hash":"7e1be9846b8cf75597ff1c02456e0f68c2edab55"}
}
