TN:
SF:config.js
FNF:0
FNH:0
DA:1,1
DA:3,1
LF:2
LH:2
BRDA:5,0,0,1
BRDA:5,0,1,0
BRDA:8,1,0,1
BRDA:8,1,1,0
BRDA:9,2,0,1
BRDA:9,2,1,0
BRDA:10,3,0,1
BRDA:10,3,1,0
BRDA:11,4,0,1
BRDA:11,4,1,0
BRDA:12,5,0,1
BRDA:12,5,1,0
BRDA:15,6,0,1
BRDA:15,6,1,0
BRDA:16,7,0,1
BRDA:16,7,1,0
BRDA:19,8,0,1
BRDA:19,8,1,0
BRDA:20,9,0,1
BRDA:20,9,1,0
BRF:20
BRH:10
end_of_record
TN:
SF:src/domain/usecases/CreateUsuarioUseCase.js
FN:6,(anonymous_0)
FN:12,(anonymous_1)
FNF:2
FNH:2
FNDA:4,(anonymous_0)
FNDA:4,(anonymous_1)
DA:1,1
DA:2,1
DA:3,1
DA:7,4
DA:8,4
DA:13,4
DA:14,1
DA:18,3
DA:19,3
DA:20,1
DA:23,2
DA:24,2
DA:25,2
DA:27,2
DA:29,2
DA:30,1
DA:33,1
DA:35,1
DA:39,1
LF:19
LH:19
BRDA:13,0,0,1
BRDA:13,0,1,3
BRDA:13,1,0,4
BRDA:13,1,1,4
BRDA:19,2,0,1
BRDA:19,2,1,2
BRDA:29,3,0,1
BRDA:29,3,1,1
BRF:8
BRH:8
end_of_record
TN:
SF:src/domain/usecases/DeleteUsuarioUseCase.js
FN:4,(anonymous_0)
FN:9,(anonymous_1)
FNF:2
FNH:2
FNDA:3,(anonymous_0)
FNDA:3,(anonymous_1)
DA:1,2
DA:5,3
DA:6,3
DA:10,3
DA:12,2
DA:14,1
DA:15,1
DA:18,2
DA:22,2
LF:9
LH:9
BRDA:12,0,0,1
BRDA:12,0,1,1
BRF:2
BRH:2
end_of_record
TN:
SF:src/domain/usecases/GetAllUsuariosUseCase.js
FN:4,(anonymous_0)
FN:12,(anonymous_1)
FNF:2
FNH:2
FNDA:3,(anonymous_0)
FNDA:3,(anonymous_1)
DA:1,2
DA:5,3
DA:6,0
DA:8,3
DA:9,3
DA:13,3
DA:15,3
DA:16,1
DA:19,2
DA:20,2
DA:22,2
DA:26,2
LF:12
LH:11
BRDA:4,0,0,0
BRDA:5,1,0,0
BRDA:5,1,1,3
BRDA:15,2,0,1
BRDA:15,2,1,2
BRF:5
BRH:3
end_of_record
TN:
SF:src/domain/usecases/GetUsuarioUseCase.js
FN:4,(anonymous_0)
FN:12,(anonymous_1)
FNF:2
FNH:2
FNDA:3,(anonymous_0)
FNDA:3,(anonymous_1)
DA:1,2
DA:5,3
DA:6,0
DA:8,3
DA:9,3
DA:13,3
DA:15,3
DA:17,2
DA:19,2
DA:20,1
DA:24,3
DA:28,2
LF:12
LH:11
BRDA:4,0,0,0
BRDA:5,1,0,0
BRDA:5,1,1,3
BRDA:15,2,0,2
BRDA:15,2,1,1
BRDA:19,3,0,1
BRDA:19,3,1,1
BRF:7
BRH:5
end_of_record
TN:
SF:src/domain/usecases/UpdateUsuarioUseCase.js
FN:4,(anonymous_0)
FN:9,(anonymous_1)
FNF:2
FNH:2
FNDA:2,(anonymous_0)
FNDA:2,(anonymous_1)
DA:1,2
DA:5,2
DA:6,2
DA:10,2
DA:12,2
DA:14,1
DA:15,1
DA:18,2
DA:22,2
LF:9
LH:9
BRDA:4,0,0,0
BRDA:12,1,0,1
BRDA:12,1,1,1
BRF:3
BRH:2
end_of_record
TN:
SF:src/infrastructure/cache/CacheProvider.js
FN:4,(anonymous_0)
FN:13,(anonymous_1)
FN:17,(anonymous_2)
FN:22,(anonymous_3)
FN:28,(anonymous_4)
FN:39,(anonymous_5)
FN:50,(anonymous_6)
FN:59,(anonymous_7)
FN:64,(anonymous_8)
FN:71,(anonymous_9)
FNF:10
FNH:8
FNDA:6,(anonymous_0)
FNDA:0,(anonymous_1)
FNDA:0,(anonymous_2)
FNDA:5,(anonymous_3)
FNDA:2,(anonymous_4)
FNDA:1,(anonymous_5)
FNDA:1,(anonymous_6)
FNDA:1,(anonymous_7)
FNDA:2,(anonymous_8)
FNDA:1,(anonymous_9)
DA:1,10
DA:10,6
DA:13,6
DA:14,0
DA:17,6
DA:18,0
DA:23,5
DA:24,0
DA:29,2
DA:30,2
DA:31,2
DA:32,2
DA:34,0
DA:35,0
DA:40,1
DA:41,1
DA:42,1
DA:46,0
DA:51,1
DA:52,1
DA:53,1
DA:55,0
DA:60,1
DA:61,1
DA:62,1
DA:63,1
DA:64,2
DA:67,0
DA:72,1
DA:73,1
DA:74,1
DA:77,0
DA:82,10
LF:33
LH:24
BRDA:4,0,0,0
BRDA:6,1,0,0
BRDA:6,1,1,0
BRDA:7,2,0,0
BRDA:7,2,1,0
BRDA:23,3,0,0
BRDA:23,3,1,5
BRDA:32,4,0,1
BRDA:32,4,1,1
BRDA:39,5,0,0
BRDA:63,6,0,1
BRDA:63,6,1,0
BRDA:73,7,0,1
BRDA:73,7,1,0
BRF:14
BRH:5
end_of_record
TN:
SF:src/infrastructure/database/MySQLConnection.js
FNF:0
FNH:0
DA:1,7
DA:3,7
DA:13,7
LF:3
LH:3
BRDA:4,0,0,7
BRDA:4,0,1,7
BRDA:5,1,0,7
BRDA:5,1,1,7
BRDA:6,2,0,7
BRDA:6,2,1,7
BRDA:7,3,0,7
BRDA:7,3,1,7
BRF:8
BRH:8
end_of_record
TN:
SF:src/infrastructure/repositories/UsuarioRepository.js
FN:4,(anonymous_0)
FN:59,(anonymous_1)
FN:78,(anonymous_2)
FN:144,(anonymous_3)
FN:166,(anonymous_4)
FN:185,(anonymous_5)
FN:191,(anonymous_6)
FN:201,(anonymous_7)
FNF:8
FNH:8
FNDA:2,(anonymous_0)
FNDA:4,(anonymous_1)
FNDA:3,(anonymous_2)
FNDA:2,(anonymous_3)
FNDA:2,(anonymous_4)
FNDA:1,(anonymous_5)
FNDA:1,(anonymous_6)
FNDA:8,(anonymous_7)
DA:1,8
DA:6,2
DA:19,1
DA:22,1
DA:23,1
DA:24,1
DA:33,1
DA:49,1
DA:50,1
DA:52,0
DA:53,0
DA:55,1
DA:60,4
DA:61,4
DA:62,4
DA:63,4
DA:65,4
DA:66,1
DA:69,3
DA:71,0
DA:72,0
DA:74,4
DA:79,3
DA:80,3
DA:86,3
DA:96,3
DA:98,3
DA:114,3
DA:128,3
DA:130,3
DA:131,1
DA:134,2
DA:136,0
DA:137,0
DA:139,3
DA:145,2
DA:146,2
DA:147,2
DA:155,2
DA:157,2
DA:159,0
DA:160,0
DA:162,2
DA:167,2
DA:168,2
DA:169,2
DA:170,2
DA:172,2
DA:173,1
DA:176,1
DA:178,0
DA:179,0
DA:181,2
DA:186,1
DA:187,1
DA:188,1
DA:189,1
DA:191,1
DA:193,0
DA:194,0
DA:196,1
DA:202,8
DA:203,0
DA:206,8
DA:233,8
LF:65
LH:52
BRDA:6,0,0,1
BRDA:6,0,1,1
BRDA:7,1,0,2
BRDA:7,1,1,2
BRDA:7,1,2,1
BRDA:7,1,3,1
BRDA:7,1,4,1
BRDA:7,1,5,1
BRDA:7,1,6,1
BRDA:7,1,7,1
BRDA:7,1,8,1
BRDA:7,1,9,1
BRDA:7,1,10,1
BRDA:37,2,0,1
BRDA:37,2,1,1
BRDA:40,3,0,1
BRDA:40,3,1,1
BRDA:45,4,0,1
BRDA:45,4,1,0
BRDA:46,5,0,1
BRDA:46,5,1,0
BRDA:65,6,0,1
BRDA:65,6,1,3
BRDA:84,7,0,2
BRDA:85,8,0,3
BRDA:89,9,0,2
BRDA:90,10,0,2
BRDA:91,11,0,3
BRDA:92,12,0,2
BRDA:93,13,0,2
BRDA:94,14,0,2
BRDA:95,15,0,2
BRDA:130,16,0,1
BRDA:130,16,1,2
BRDA:144,17,0,2
BRDA:172,18,0,1
BRDA:172,18,1,1
BRDA:202,19,0,0
BRDA:202,19,1,8
BRDA:202,20,0,8
BRDA:202,20,1,8
BRDA:215,21,0,8
BRDA:215,21,1,8
BRF:43
BRH:40
end_of_record
TN:
SF:src/interfaces/controllers/AuthController.js
FN:7,(anonymous_0)
FN:11,(anonymous_1)
FN:52,(anonymous_2)
FNF:3
FNH:2
FNDA:4,(anonymous_0)
FNDA:0,(anonymous_1)
FNDA:4,(anonymous_2)
DA:1,1
DA:2,1
DA:3,1
DA:4,1
DA:8,4
DA:12,0
DA:13,0
DA:15,0
DA:16,0
DA:19,0
DA:21,0
DA:22,0
DA:25,0
DA:27,0
DA:28,0
DA:32,0
DA:38,0
DA:47,0
DA:48,0
DA:53,4
DA:54,4
DA:57,4
DA:58,1
DA:61,3
DA:70,0
DA:74,3
DA:75,3
DA:76,1
DA:80,2
DA:81,2
DA:91,2
DA:94,1
DA:100,1
DA:110,1
DA:111,1
DA:116,1
LF:36
LH:21
BRDA:15,0,0,0
BRDA:15,0,1,0
BRDA:15,1,0,0
BRDA:15,1,1,0
BRDA:21,2,0,0
BRDA:21,2,1,0
BRDA:27,3,0,0
BRDA:27,3,1,0
BRDA:57,4,0,1
BRDA:57,4,1,3
BRDA:57,5,0,4
BRDA:57,5,1,4
BRDA:57,5,2,3
BRDA:61,6,0,0
BRDA:61,6,1,3
BRDA:62,7,0,3
BRDA:62,7,1,3
BRDA:62,7,2,3
BRDA:62,7,3,3
BRDA:62,7,4,3
BRDA:62,7,5,3
BRDA:62,7,6,3
BRDA:75,8,0,1
BRDA:75,8,1,2
BRDA:86,9,0,2
BRDA:86,9,1,2
BRF:26
BRH:17
end_of_record
TN:
SF:src/interfaces/controllers/UsuarioController.js
FN:9,(anonymous_0)
FN:19,(anonymous_1)
FN:38,(anonymous_2)
FN:62,(anonymous_3)
FN:80,(anonymous_4)
FNF:5
FNH:5
FNDA:11,(anonymous_0)
FNDA:3,(anonymous_1)
FNDA:3,(anonymous_2)
FNDA:3,(anonymous_3)
FNDA:2,(anonymous_4)
DA:1,1
DA:2,1
DA:3,1
DA:4,1
DA:5,1
DA:6,1
DA:11,11
DA:13,11
DA:14,11
DA:15,11
DA:16,11
DA:20,3
DA:21,3
DA:23,3
DA:25,2
DA:26,1
DA:29,1
DA:31,1
DA:33,1
DA:34,1
DA:39,3
DA:40,3
DA:41,3
DA:42,3
DA:44,3
DA:49,2
DA:50,1
DA:53,1
DA:55,1
DA:57,1
DA:58,1
DA:63,3
DA:64,3
DA:65,3
DA:67,3
DA:69,2
DA:70,1
DA:73,1
DA:75,1
DA:76,1
DA:81,2
DA:82,2
DA:84,1
DA:86,1
DA:88,1
DA:89,1
DA:94,1
LF:47
LH:47
BRDA:25,0,0,1
BRDA:25,0,1,1
BRDA:42,1,0,3
BRDA:42,1,1,0
BRDA:49,2,0,1
BRDA:49,2,1,1
BRDA:65,3,0,3
BRDA:65,3,1,0
BRDA:69,4,0,1
BRDA:69,4,1,1
BRF:10
BRH:8
end_of_record
TN:
SF:src/interfaces/presenters/UsuarioPresenter.js
FN:2,(anonymous_0)
FN:27,(anonymous_1)
FN:28,(anonymous_2)
FNF:3
FNH:3
FNDA:3,(anonymous_0)
FNDA:1,(anonymous_1)
FNDA:2,(anonymous_2)
DA:3,3
DA:28,2
DA:32,2
LF:3
LH:3
BRF:0
BRH:0
end_of_record
